<?xml version="1.0" encoding="UTF-8"?>
<!-- Generated by org.testng.reporters.JUnitXMLReporter -->
<testsuite ignored="2" hostname="SSTINDEVLP1190" failures="0" tests="2" name="Test" time="32.381" errors="0" timestamp="2022-09-05T16:25:15 IST">
  <testcase classname="com.tests.Login" name="loginToApplication" time="4.612"/>
  <testcase classname="com.tests.Login_DataDriven" name="loginToApplication" time="6.078"/>
  <testcase classname="com.base.BaseClass" name="@BeforeSuite start" time="0.0">
    <ignored/>
  </testcase> <!-- @BeforeSuite start -->
  <testcase classname="com.base.BaseClass" name="@AfterSuite closeApplication" time="0.0">
    <ignored/>
  </testcase> <!-- @AfterSuite closeApplication -->
</testsuite> <!-- Test -->
