<?xml version="1.0" encoding="UTF-8"?>
<testng-results ignored="0" total="1" passed="1" failed="0" skipped="0">
  <reporter-output>
  </reporter-output>
  <suite started-at="2022-09-19T12:43:45 IST" name="Suite" finished-at="2022-09-19T12:43:48 IST" duration-ms="3249">
    <groups>
    </groups>
    <test started-at="2022-09-19T12:43:45 IST" name="Test" finished-at="2022-09-19T12:43:48 IST" duration-ms="3249">
      <class name="com.tests.Login">
        <test-method is-config="true" signature="start()[pri:0, instance:com.tests.Login@54422e18]" started-at="2022-09-19T12:43:45 IST" name="start" finished-at="2022-09-19T12:43:45 IST" duration-ms="528" status="PASS">
          <reporter-output>
          </reporter-output>
        </test-method> <!-- start -->
        <test-method is-config="true" signature="init(java.lang.String)[pri:0, instance:com.tests.Login@54422e18]" started-at="2022-09-19T12:43:45 IST" name="init" finished-at="2022-09-19T12:43:48 IST" duration-ms="2574" status="PASS">
          <params>
            <param index="0">
              <value>
                <![CDATA[chrome]]>
              </value>
            </param>
          </params>
          <reporter-output>
          </reporter-output>
        </test-method> <!-- init -->
        <test-method is-config="true" signature="preSetup()[pri:0, instance:com.tests.Login@54422e18]" started-at="2022-09-19T12:43:48 IST" name="preSetup" finished-at="2022-09-19T12:43:48 IST" duration-ms="7" status="PASS">
          <reporter-output>
          </reporter-output>
        </test-method> <!-- preSetup -->
        <test-method signature="loginToApplication()[pri:0, instance:com.tests.Login@54422e18]" started-at="2022-09-19T12:43:48 IST" name="loginToApplication" description="This TC will perform valid login" finished-at="2022-09-19T12:43:48 IST" duration-ms="431" status="PASS">
          <reporter-output>
          </reporter-output>
        </test-method> <!-- loginToApplication -->
        <test-method is-config="true" signature="captureResult(org.testng.ITestResult)[pri:0, instance:com.tests.Login@54422e18]" started-at="2022-09-19T12:43:48 IST" name="captureResult" finished-at="2022-09-19T12:43:48 IST" duration-ms="5" status="PASS">
          <params>
            <param index="0">
              <value>
                <![CDATA[[TestResult name=loginToApplication status=SUCCESS method=Login.loginToApplication()[pri:0, instance:com.tests.Login@54422e18] output={null}]]]>
              </value>
            </param>
          </params>
          <reporter-output>
          </reporter-output>
        </test-method> <!-- captureResult -->
        <test-method is-config="true" signature="tearDown()[pri:0, instance:com.tests.Login@54422e18]" started-at="2022-09-19T12:43:48 IST" name="tearDown" finished-at="2022-09-19T12:43:48 IST" duration-ms="198" status="PASS">
          <reporter-output>
          </reporter-output>
        </test-method> <!-- tearDown -->
        <test-method is-config="true" signature="closeApplication()[pri:0, instance:com.tests.Login@54422e18]" started-at="2022-09-19T12:43:48 IST" name="closeApplication" finished-at="2022-09-19T12:43:49 IST" duration-ms="191" status="PASS">
          <reporter-output>
          </reporter-output>
        </test-method> <!-- closeApplication -->
      </class> <!-- com.tests.Login -->
    </test> <!-- Test -->
  </suite> <!-- Suite -->
</testng-results>
